# JRE version: OpenJDK Runtime Environment (8.0_242-b01) (build 1.8.0_242-release-1644-b01)
# Java VM: OpenJDK 64-Bit Server VM (25.242-b01 mixed mode windows-amd64 compressed oops)
Heap:
 PSYoungGen      total 534016K, used 321712K [0x00000000d5580000, 0x0000000100000000, 0x0000000100000000)
  eden space 369152K, 75% used [0x00000000d5580000,0x00000000e661aa50,0x00000000ebe00000)
  from space 164864K, 25% used [0x00000000ebe00000,0x00000000ee7917a0,0x00000000f5f00000)
  to   space 157184K, 0% used [0x00000000f6680000,0x00000000f6680000,0x0000000100000000)
 ParOldGen       total 390144K, used 292447K [0x0000000080000000, 0x0000000097d00000, 0x00000000d5580000)
  object space 390144K, 74% used [0x0000000080000000,0x0000000091d97d10,0x0000000097d00000)
 Metaspace       used 235404K, capacity 246596K, committed 246696K, reserved 1265664K
  class space    used 28805K, capacity 30834K, committed 30888K, reserved 1048576K
GC Heap History (10 events):
Event: 1201.823 GC heap before
{Heap before GC invocations=55 (full 6):
 PSYoungGen      total 539648K, used 412844K [0x00000000d5580000, 0x0000000100000000, 0x0000000100000000)
  eden space 383488K, 100% used [0x00000000d5580000,0x00000000ecc00000,0x00000000ecc00000)
  from space 156160K, 18% used [0x00000000f5f00000,0x00000000f7bab030,0x00000000ff780000)
  to   space 150528K, 0% used [0x00000000ecc00000,0x00000000ecc00000,0x00000000f5f00000)
 ParOldGen       total 390144K, used 282551K [0x0000000080000000, 0x0000000097d00000, 0x00000000d5580000)
  object space 390144K, 72% used [0x0000000080000000,0x00000000913edfc8,0x0000000097d00000)
 Metaspace       used 221653K, capacity 232652K, committed 232744K, reserved 1253376K
  class space    used 27230K, capacity 29210K, committed 29224K, reserved 1048576K
Event: 1201.849 GC heap after
Heap after GC invocations=55 (full 6):
 PSYoungGen      total 534016K, used 40271K [0x00000000d5580000, 0x00000000fec80000, 0x0000000100000000)
  eden space 383488K, 0% used [0x00000000d5580000,0x00000000d5580000,0x00000000ecc00000)
  from space 150528K, 26% used [0x00000000ecc00000,0x00000000ef353f58,0x00000000f5f00000)
  to   space 143360K, 0% used [0x00000000f6080000,0x00000000f6080000,0x00000000fec80000)
 ParOldGen       total 390144K, used 282559K [0x0000000080000000, 0x0000000097d00000, 0x00000000d5580000)
  object space 390144K, 72% used [0x0000000080000000,0x00000000913effc8,0x0000000097d00000)
 Metaspace       used 221653K, capacity 232652K, committed 232744K, reserved 1253376K
  class space    used 27230K, capacity 29210K, committed 29224K, reserved 1048576K
}
Event: 1203.342 GC heap before
{Heap before GC invocations=56 (full 6):
 PSYoungGen      total 534016K, used 423759K [0x00000000d5580000, 0x00000000fec80000, 0x0000000100000000)
  eden space 383488K, 100% used [0x00000000d5580000,0x00000000ecc00000,0x00000000ecc00000)
  from space 150528K, 26% used [0x00000000ecc00000,0x00000000ef353f58,0x00000000f5f00000)
  to   space 143360K, 0% used [0x00000000f6080000,0x00000000f6080000,0x00000000fec80000)
 ParOldGen       total 390144K, used 282559K [0x0000000080000000, 0x0000000097d00000, 0x00000000d5580000)
  object space 390144K, 72% used [0x0000000080000000,0x00000000913effc8,0x0000000097d00000)
 Metaspace       used 221750K, capacity 232728K, committed 232744K, reserved 1253376K
  class space    used 27230K, capacity 29210K, committed 29224K, reserved 1048576K
Event: 1203.395 GC heap after
Heap after GC invocations=56 (full 6):
 PSYoungGen      total 534528K, used 80136K [0x00000000d5580000, 0x00000000ffb00000, 0x0000000100000000)
  eden space 391168K, 0% used [0x00000000d5580000,0x00000000d5580000,0x00000000ed380000)
  from space 143360K, 55% used [0x00000000f6080000,0x00000000faec2010,0x00000000fec80000)
  to   space 144384K, 0% used [0x00000000ed380000,0x00000000ed380000,0x00000000f6080000)
 ParOldGen       total 390144K, used 282559K [0x0000000080000000, 0x0000000097d00000, 0x00000000d5580000)
  object space 390144K, 72% used [0x0000000080000000,0x00000000913effc8,0x0000000097d00000)
 Metaspace       used 221750K, capacity 232728K, committed 232744K, reserved 1253376K
  class space    used 27230K, capacity 29210K, committed 29224K, reserved 1048576K
}
Event: 1204.745 GC heap before
{Heap before GC invocations=57 (full 6):
 PSYoungGen      total 534528K, used 471304K [0x00000000d5580000, 0x00000000ffb00000, 0x0000000100000000)
  eden space 391168K, 100% used [0x00000000d5580000,0x00000000ed380000,0x00000000ed380000)
  from space 143360K, 55% used [0x00000000f6080000,0x00000000faec2010,0x00000000fec80000)
  to   space 144384K, 0% used [0x00000000ed380000,0x00000000ed380000,0x00000000f6080000)
 ParOldGen       total 390144K, used 282559K [0x0000000080000000, 0x0000000097d00000, 0x00000000d5580000)
  object space 390144K, 72% used [0x0000000080000000,0x00000000913effc8,0x0000000097d00000)
 Metaspace       used 221753K, capacity 232728K, committed 232744K, reserved 1253376K
  class space    used 27230K, capacity 29210K, committed 29224K, reserved 1048576K
Event: 1204.760 GC heap after
Heap after GC invocations=57 (full 6):
 PSYoungGen      total 535552K, used 27794K [0x00000000d5580000, 0x00000000ff900000, 0x0000000100000000)
  eden space 391168K, 0% used [0x00000000d5580000,0x00000000d5580000,0x00000000ed380000)
  from space 144384K, 19% used [0x00000000ed380000,0x00000000eeea49c8,0x00000000f6080000)
  to   space 140288K, 0% used [0x00000000f7000000,0x00000000f7000000,0x00000000ff900000)
 ParOldGen       total 390144K, used 282567K [0x0000000080000000, 0x0000000097d00000, 0x00000000d5580000)
  object space 390144K, 72% used [0x0000000080000000,0x00000000913f1fc8,0x0000000097d00000)
 Metaspace       used 221753K, capacity 232728K, committed 232744K, reserved 1253376K
  class space    used 27230K, capacity 29210K, committed 29224K, reserved 1048576K
}
Event: 1209.576 GC heap before
{Heap before GC invocations=58 (full 6):
 PSYoungGen      total 535552K, used 418962K [0x00000000d5580000, 0x00000000ff900000, 0x0000000100000000)
  eden space 391168K, 100% used [0x00000000d5580000,0x00000000ed380000,0x00000000ed380000)
  from space 144384K, 19% used [0x00000000ed380000,0x00000000eeea49c8,0x00000000f6080000)
  to   space 140288K, 0% used [0x00000000f7000000,0x00000000f7000000,0x00000000ff900000)
 ParOldGen       total 390144K, used 282567K [0x0000000080000000, 0x0000000097d00000, 0x00000000d5580000)
  object space 390144K, 72% used [0x0000000080000000,0x00000000913f1fc8,0x0000000097d00000)
 Metaspace       used 235140K, capacity 246280K, committed 246440K, reserved 1265664K
  class space    used 28799K, capacity 30826K, committed 30888K, reserved 1048576K
Event: 1209.698 GC heap after
Heap after GC invocations=58 (full 6):
 PSYoungGen      total 509440K, used 140275K [0x00000000d5580000, 0x0000000100000000, 0x0000000100000000)
  eden space 369152K, 0% used [0x00000000d5580000,0x00000000d5580000,0x00000000ebe00000)
  from space 140288K, 99% used [0x00000000f7000000,0x00000000ff8fcf20,0x00000000ff900000)
  to   space 164864K, 0% used [0x00000000ebe00000,0x00000000ebe00000,0x00000000f5f00000)
 ParOldGen       total 390144K, used 284358K [0x0000000080000000, 0x0000000097d00000, 0x00000000d5580000)
  object space 390144K, 72% used [0x0000000080000000,0x00000000915b1918,0x0000000097d00000)
 Metaspace       used 235140K, capacity 246280K, committed 246440K, reserved 1265664K
  class space    used 28799K, capacity 30826K, committed 30888K, reserved 1048576K
}
Event: 1214.965 GC heap before
{Heap before GC invocations=59 (full 6):
 PSYoungGen      total 509440K, used 509427K [0x00000000d5580000, 0x0000000100000000, 0x0000000100000000)
  eden space 369152K, 100% used [0x00000000d5580000,0x00000000ebe00000,0x00000000ebe00000)
  from space 140288K, 99% used [0x00000000f7000000,0x00000000ff8fcf20,0x00000000ff900000)
  to   space 164864K, 0% used [0x00000000ebe00000,0x00000000ebe00000,0x00000000f5f00000)
 ParOldGen       total 390144K, used 284530K [0x0000000080000000, 0x0000000097d00000, 0x00000000d5580000)
  object space 390144K, 72% used [0x0000000080000000,0x00000000915dc878,0x0000000097d00000)
 Metaspace       used 235341K, capacity 246588K, committed 246696K, reserved 1265664K
  class space    used 28804K, capacity 30834K, committed 30888K, reserved 1048576K
Event: 1215.010 GC heap after
Heap after GC invocations=59 (full 6):
 PSYoungGen      total 534016K, used 42565K [0x00000000d5580000, 0x0000000100000000, 0x0000000100000000)
  eden space 369152K, 0% used [0x00000000d5580000,0x00000000d5580000,0x00000000ebe00000)
  from space 164864K, 25% used [0x00000000ebe00000,0x00000000ee7917a0,0x00000000f5f00000)
  to   space 157184K, 0% used [0x00000000f6680000,0x00000000f6680000,0x0000000100000000)
 ParOldGen       total 390144K, used 292447K [0x0000000080000000, 0x0000000097d00000, 0x00000000d5580000)
  object space 390144K, 74% used [0x0000000080000000,0x0000000091d97d10,0x0000000097d00000)
 Metaspace       used 235341K, capacity 246588K, committed 246696K, reserved 1265664K
  class space    used 28804K, capacity 30834K, committed 30888K, reserved 1048576K
}

